d:\vadim\магистратура\семестр 1\высокопроизводительные вычисления\hpc\bilateral\hpc_bf\hpc_bf\x64\debug\vc142.pdb
d:\vadim\магистратура\семестр 1\высокопроизводительные вычисления\hpc\bilateral\hpc_bf\hpc_bf\x64\debug\vc142.idb
d:\vadim\магистратура\семестр 1\высокопроизводительные вычисления\hpc\bilateral\hpc_bf\hpc_bf\x64\debug\cudautils.obj
d:\vadim\магистратура\семестр 1\высокопроизводительные вычисления\hpc\bilateral\hpc_bf\hpc_bf\x64\debug\utils.obj
d:\vadim\магистратура\семестр 1\высокопроизводительные вычисления\hpc\bilateral\hpc_bf\hpc_bf\x64\debug\easybmp.obj
x64\debug\kernel.cu.obj
d:\vadim\магистратура\семестр 1\высокопроизводительные вычисления\hpc\bilateral\hpc_bf\x64\debug\hpc_bf.lib
d:\vadim\магистратура\семестр 1\высокопроизводительные вычисления\hpc\bilateral\hpc_bf\x64\debug\hpc_bf.exp
d:\vadim\магистратура\семестр 1\высокопроизводительные вычисления\hpc\bilateral\hpc_bf\x64\debug\hpc_bf.exe
d:\vadim\магистратура\семестр 1\высокопроизводительные вычисления\hpc\bilateral\hpc_bf\hpc_bf\x64\debug\hpc_bf.ilk
d:\vadim\магистратура\семестр 1\высокопроизводительные вычисления\hpc\bilateral\hpc_bf\x64\debug\hpc_bf.pdb
d:\vadim\магистратура\семестр 1\высокопроизводительные вычисления\hpc\bilateral\hpc_bf\hpc_bf\x64\debug\kernel.cu.cache
d:\vadim\магистратура\семестр 1\высокопроизводительные вычисления\hpc\bilateral\hpc_bf\hpc_bf\x64\debug\kernel.cu.obj
d:\vadim\магистратура\семестр 1\высокопроизводительные вычисления\hpc\bilateral\hpc_bf\hpc_bf\x64\debug\hpc_mf.ilk
d:\vadim\магистратура\семестр 1\высокопроизводительные вычисления\hpc\bilateral\hpc_bf\hpc_bf\x64\debug\hpc_mf.exp
d:\vadim\магистратура\семестр 1\высокопроизводительные вычисления\hpc\bilateral\hpc_bf\hpc_bf\x64\debug\hpc_mf.pdb
d:\vadim\магистратура\семестр 1\высокопроизводительные вычисления\hpc\bilateral\hpc_bf\hpc_bf\x64\debug\hpc_bf.tlog\cl.command.1.tlog
d:\vadim\магистратура\семестр 1\высокопроизводительные вычисления\hpc\bilateral\hpc_bf\hpc_bf\x64\debug\hpc_bf.tlog\cl.read.1.tlog
d:\vadim\магистратура\семестр 1\высокопроизводительные вычисления\hpc\bilateral\hpc_bf\hpc_bf\x64\debug\hpc_bf.tlog\cl.write.1.tlog
d:\vadim\магистратура\семестр 1\высокопроизводительные вычисления\hpc\bilateral\hpc_bf\hpc_bf\x64\debug\hpc_bf.tlog\cudacompile.read.1u.tlog
d:\vadim\магистратура\семестр 1\высокопроизводительные вычисления\hpc\bilateral\hpc_bf\hpc_bf\x64\debug\hpc_bf.tlog\cudacompile.write.1u.tlog
d:\vadim\магистратура\семестр 1\высокопроизводительные вычисления\hpc\bilateral\hpc_bf\hpc_bf\x64\debug\hpc_bf.tlog\hpc_bf.write.1u.tlog
d:\vadim\магистратура\семестр 1\высокопроизводительные вычисления\hpc\bilateral\hpc_bf\hpc_bf\x64\debug\hpc_bf.tlog\link.command.1.tlog
d:\vadim\магистратура\семестр 1\высокопроизводительные вычисления\hpc\bilateral\hpc_bf\hpc_bf\x64\debug\hpc_bf.tlog\link.read.1.tlog
d:\vadim\магистратура\семестр 1\высокопроизводительные вычисления\hpc\bilateral\hpc_bf\hpc_bf\x64\debug\hpc_bf.tlog\link.write.1.tlog
