d:\vadim\магистратура\семестр 1\высокопроизводительные вычисления\hpc\median filter\hpc_mf\hpc_mf\x64\debug\vc142.pdb
d:\vadim\магистратура\семестр 1\высокопроизводительные вычисления\hpc\median filter\hpc_mf\hpc_mf\x64\debug\vc142.idb
d:\vadim\магистратура\семестр 1\высокопроизводительные вычисления\hpc\median filter\hpc_mf\hpc_mf\x64\debug\cudautils.obj
d:\vadim\магистратура\семестр 1\высокопроизводительные вычисления\hpc\median filter\hpc_mf\hpc_mf\x64\debug\utils.obj
d:\vadim\магистратура\семестр 1\высокопроизводительные вычисления\hpc\median filter\hpc_mf\hpc_mf\x64\debug\easybmp.obj
x64\debug\kernel.cu.obj
d:\vadim\магистратура\семестр 1\высокопроизводительные вычисления\hpc\median filter\hpc_mf\x64\debug\hpc_mf.lib
d:\vadim\магистратура\семестр 1\высокопроизводительные вычисления\hpc\median filter\hpc_mf\x64\debug\hpc_mf.exp
d:\vadim\магистратура\семестр 1\высокопроизводительные вычисления\hpc\median filter\hpc_mf\x64\debug\hpc_mf.exe
d:\vadim\магистратура\семестр 1\высокопроизводительные вычисления\hpc\median filter\hpc_mf\hpc_mf\x64\debug\hpc_mf.ilk
d:\vadim\магистратура\семестр 1\высокопроизводительные вычисления\hpc\median filter\hpc_mf\x64\debug\hpc_mf.pdb
d:\vadim\магистратура\семестр 1\высокопроизводительные вычисления\hpc\median filter\hpc_mf\hpc_mf\x64\debug\kernel.cu.cache
d:\vadim\магистратура\семестр 1\высокопроизводительные вычисления\hpc\median filter\hpc_mf\hpc_mf\x64\debug\kernel.cu.obj
d:\vadim\магистратура\семестр 1\высокопроизводительные вычисления\hpc\median filter\hpc_mf\hpc_mf\x64\debug\hpc_mf.tlog\cl.command.1.tlog
d:\vadim\магистратура\семестр 1\высокопроизводительные вычисления\hpc\median filter\hpc_mf\hpc_mf\x64\debug\hpc_mf.tlog\cl.read.1.tlog
d:\vadim\магистратура\семестр 1\высокопроизводительные вычисления\hpc\median filter\hpc_mf\hpc_mf\x64\debug\hpc_mf.tlog\cl.write.1.tlog
d:\vadim\магистратура\семестр 1\высокопроизводительные вычисления\hpc\median filter\hpc_mf\hpc_mf\x64\debug\hpc_mf.tlog\cudacompile.read.1u.tlog
d:\vadim\магистратура\семестр 1\высокопроизводительные вычисления\hpc\median filter\hpc_mf\hpc_mf\x64\debug\hpc_mf.tlog\cudacompile.write.1u.tlog
d:\vadim\магистратура\семестр 1\высокопроизводительные вычисления\hpc\median filter\hpc_mf\hpc_mf\x64\debug\hpc_mf.tlog\hpc_mf.write.1u.tlog
d:\vadim\магистратура\семестр 1\высокопроизводительные вычисления\hpc\median filter\hpc_mf\hpc_mf\x64\debug\hpc_mf.tlog\link.command.1.tlog
d:\vadim\магистратура\семестр 1\высокопроизводительные вычисления\hpc\median filter\hpc_mf\hpc_mf\x64\debug\hpc_mf.tlog\link.read.1.tlog
d:\vadim\магистратура\семестр 1\высокопроизводительные вычисления\hpc\median filter\hpc_mf\hpc_mf\x64\debug\hpc_mf.tlog\link.write.1.tlog
